<?xml version="1.0" encoding="UTF-8"?>
<!-- Generated by org.testng.reporters.JUnitReportReporter -->
<testsuite hostname="DESKTOP-T0KH8L2" failures="0" tests="1" name="testCases.TestCase24" time="30.260" errors="0" timestamp="2023-11-16T18:54:31 IST" skipped="0">
  <testcase classname="testCases.TestCase24" name="downloadInvoiceAfterPurchaseOrder" time="30.260"/>
</testsuite> <!-- testCases.TestCase24 -->
