<?xml version="1.0" encoding="UTF-8"?>
<!-- Generated by org.testng.reporters.JUnitReportReporter -->
<testsuite hostname="DESKTOP-T0KH8L2" failures="0" tests="1" name="testCases.TestCase16" time="17.817" errors="0" timestamp="2023-11-16T15:51:57 IST" skipped="0">
  <testcase classname="testCases.TestCase16" name="placeOrderLoginBeforeCheckout" time="17.817"/>
</testsuite> <!-- testCases.TestCase16 -->
