<?xml version="1.0" encoding="UTF-8"?>
<!-- Generated by org.testng.reporters.JUnitReportReporter -->
<testsuite hostname="DESKTOP-T0KH8L2" failures="0" tests="1" name="testCases.TestCase5" time="7.892" errors="0" timestamp="2023-11-14T22:16:32 IST" skipped="0">
  <testcase classname="testCases.TestCase5" name="registerUserWithExistingEmail" time="7.892"/>
</testsuite> <!-- testCases.TestCase5 -->
