<?xml version="1.0" encoding="UTF-8"?>
<!-- Generated by org.testng.reporters.JUnitReportReporter -->
<testsuite hostname="DESKTOP-T0KH8L2" failures="0" tests="1" name="testCases.TestCase3" time="7.866" errors="0" timestamp="2023-11-14T22:01:35 IST" skipped="0">
  <testcase classname="testCases.TestCase3" name="loginUserWithIncorrectEmailAndPassword" time="7.866"/>
</testsuite> <!-- testCases.TestCase3 -->
