<?xml version="1.0" encoding="UTF-8"?>
<!-- Generated by org.testng.reporters.JUnitReportReporter -->
<testsuite hostname="DESKTOP-T0KH8L2" failures="0" tests="1" name="testCases.TestCase9" time="9.660" errors="0" timestamp="2023-11-15T01:13:02 IST" skipped="0">
  <testcase classname="testCases.TestCase9" name="searchProduct" time="9.660"/>
</testsuite> <!-- testCases.TestCase9 -->
