<?xml version="1.0" encoding="UTF-8"?>
<!-- Generated by org.testng.reporters.JUnitReportReporter -->
<testsuite hostname="DESKTOP-T0KH8L2" failures="0" tests="1" name="testCases.TestCase7" time="5.926" errors="0" timestamp="2023-11-14T23:09:19 IST" skipped="0">
  <testcase classname="testCases.TestCase7" name="verifyTestCasesPage" time="5.926"/>
</testsuite> <!-- testCases.TestCase7 -->
