<?xml version="1.0" encoding="UTF-8"?>
<!-- Generated by org.testng.reporters.JUnitReportReporter -->
<testsuite hostname="DESKTOP-T0KH8L2" failures="0" tests="1" name="testCases.TestCase1" time="160.427" errors="0" timestamp="2023-11-15T01:19:05 IST" skipped="0">
  <testcase classname="testCases.TestCase1" name="registerUser" time="160.427"/>
</testsuite> <!-- testCases.TestCase1 -->
