<?xml version="1.0" encoding="UTF-8"?>
<!-- Generated by org.testng.reporters.JUnitReportReporter -->
<testsuite hostname="DESKTOP-T0KH8L2" failures="0" tests="1" name="testCases.TestCase6" time="10.030" errors="0" timestamp="2023-11-14T22:58:31 IST" skipped="0">
  <testcase classname="testCases.TestCase6" name="contactUsForm" time="10.030"/>
</testsuite> <!-- testCases.TestCase6 -->
