<?xml version="1.0" encoding="UTF-8"?>
<!-- Generated by org.testng.reporters.JUnitReportReporter -->
<testsuite hostname="DESKTOP-T0KH8L2" failures="0" tests="1" name="testCases.TestCase6" time="13.749" errors="0" timestamp="2023-11-16T18:54:31 IST" skipped="0">
  <testcase classname="testCases.TestCase6" name="contactUsForm" time="13.749"/>
</testsuite> <!-- testCases.TestCase6 -->
