<?xml version="1.0" encoding="UTF-8"?>
<!-- Generated by org.testng.reporters.JUnitReportReporter -->
<testsuite hostname="DESKTOP-T0KH8L2" failures="0" tests="1" name="testCases.TestCase22" time="14.740" errors="0" timestamp="2023-11-16T16:20:49 IST" skipped="0">
  <testcase classname="testCases.TestCase22" name="AddToCartFromRecommendedItems" time="14.740"/>
</testsuite> <!-- testCases.TestCase22 -->
