<?xml version="1.0" encoding="UTF-8"?>
<!-- Generated by org.testng.reporters.JUnitReportReporter -->
<testsuite hostname="DESKTOP-T0KH8L2" failures="0" tests="1" name="testCases.TestCase26" time="5.839" errors="0" timestamp="2023-11-16T16:43:24 IST" skipped="0">
  <testcase classname="testCases.TestCase26" name="verifyScrollUpWithoutArrowButtonAndScrollDownFunctionality" time="5.839"/>
</testsuite> <!-- testCases.TestCase26 -->
