<?xml version="1.0" encoding="UTF-8"?>
<!-- Generated by org.testng.reporters.JUnitReportReporter -->
<testsuite hostname="DESKTOP-T0KH8L2" failures="0" tests="1" name="testCases.TestCase11" time="7.628" errors="0" timestamp="2023-11-16T14:28:41 IST" skipped="0">
  <testcase classname="testCases.TestCase11" name="verifySubscriptionOnCartPage" time="7.628"/>
</testsuite> <!-- testCases.TestCase11 -->
