<?xml version="1.0" encoding="UTF-8"?>
<!-- Generated by org.testng.reporters.JUnitReportReporter -->
<testsuite hostname="DESKTOP-T0KH8L2" failures="0" tests="1" name="testCases.TestCase18" time="10.009" errors="0" timestamp="2023-11-16T15:57:29 IST" skipped="0">
  <testcase classname="testCases.TestCase18" name="viewCategoryProducts" time="10.009"/>
</testsuite> <!-- testCases.TestCase18 -->
