<?xml version="1.0" encoding="UTF-8"?>
<!-- Generated by org.testng.reporters.JUnitReportReporter -->
<testsuite hostname="DESKTOP-T0KH8L2" failures="0" tests="1" name="testCases.TestCase15" time="23.591" errors="0" timestamp="2023-11-16T15:51:28 IST" skipped="0">
  <testcase classname="testCases.TestCase15" name="placeOrderRegisterBeforeCheckout" time="23.591"/>
</testsuite> <!-- testCases.TestCase15 -->
