<?xml version="1.0" encoding="UTF-8"?>
<!-- Generated by org.testng.reporters.JUnitReportReporter -->
<testsuite hostname="DESKTOP-T0KH8L2" failures="0" tests="1" name="testCases.TestCase20" time="14.993" errors="0" timestamp="2023-11-16T18:54:31 IST" skipped="0">
  <testcase classname="testCases.TestCase20" name="searchProductsAndVerifyCartAfterLogin" time="14.993"/>
</testsuite> <!-- testCases.TestCase20 -->
