<?xml version="1.0" encoding="UTF-8"?>
<!-- Generated by org.testng.reporters.JUnitReportReporter -->
<testsuite hostname="DESKTOP-T0KH8L2" failures="0" tests="1" name="testCases.TestCase17" time="8.836" errors="0" timestamp="2023-11-16T18:54:31 IST" skipped="0">
  <testcase classname="testCases.TestCase17" name="removeProductsFromCart" time="8.836"/>
</testsuite> <!-- testCases.TestCase17 -->
