<?xml version="1.0" encoding="UTF-8"?>
<!-- Generated by org.testng.reporters.JUnitReportReporter -->
<testsuite hostname="DESKTOP-T0KH8L2" failures="0" tests="1" name="testCases.TestCase23" time="18.801" errors="0" timestamp="2023-11-16T16:26:07 IST" skipped="0">
  <testcase classname="testCases.TestCase23" name="verifyAddressDetailsInCheckoutPage" time="18.801"/>
</testsuite> <!-- testCases.TestCase23 -->
