<?xml version="1.0" encoding="UTF-8"?>
<!-- Generated by org.testng.reporters.JUnitReportReporter -->
<testsuite hostname="DESKTOP-T0KH8L2" failures="0" tests="1" name="testCases.TestCase4" time="9.516" errors="0" timestamp="2023-11-14T22:10:53 IST" skipped="0">
  <testcase classname="testCases.TestCase4" name="logoutUser" time="9.516"/>
</testsuite> <!-- testCases.TestCase4 -->
