<?xml version="1.0" encoding="UTF-8"?>
<!-- Generated by org.testng.reporters.JUnitReportReporter -->
<testsuite hostname="DESKTOP-T0KH8L2" failures="0" tests="1" name="testCases.TestCase10" time="5.047" errors="0" timestamp="2023-11-16T14:28:27 IST" skipped="0">
  <testcase classname="testCases.TestCase10" name="verifySubscriptionOnHomePage" time="5.047"/>
</testsuite> <!-- testCases.TestCase10 -->
