<?xml version="1.0" encoding="UTF-8"?>
<!-- Generated by org.testng.reporters.JUnitReportReporter -->
<testsuite hostname="DESKTOP-T0KH8L2" failures="0" tests="1" name="testCases.MyFirstTestNG" time="6.295" errors="0" timestamp="2023-11-14T21:35:50 IST" skipped="0">
  <testcase classname="testCases.MyFirstTestNG" name="startTesting" time="6.295"/>
</testsuite> <!-- testCases.MyFirstTestNG -->
