<?xml version="1.0" encoding="UTF-8"?>
<!-- Generated by org.testng.reporters.JUnitReportReporter -->
<testsuite hostname="DESKTOP-T0KH8L2" failures="0" tests="1" name="testCases.TestCase8" time="13.312" errors="0" timestamp="2023-11-15T01:02:47 IST" skipped="0">
  <testcase classname="testCases.TestCase8" name="verifyAllProductsAndProductDetailPage" time="13.312"/>
</testsuite> <!-- testCases.TestCase8 -->
