<?xml version="1.0" encoding="UTF-8"?>
<!-- Generated by org.testng.reporters.JUnitReportReporter -->
<testsuite hostname="DESKTOP-T0KH8L2" failures="0" tests="1" name="testCases.TestCase21" time="9.549" errors="0" timestamp="2023-11-16T16:17:31 IST" skipped="0">
  <testcase classname="testCases.TestCase21" name="addReviewOnProduct" time="9.549"/>
</testsuite> <!-- testCases.TestCase21 -->
