<?xml version="1.0" encoding="UTF-8"?>
<!-- Generated by org.testng.reporters.JUnitReportReporter -->
<testsuite hostname="DESKTOP-T0KH8L2" failures="0" tests="1" name="pages.MyFirstTestNG" time="7.575" errors="0" timestamp="2023-11-13T22:29:50 IST" skipped="0">
  <testcase classname="pages.MyFirstTestNG" name="startTesting" time="7.575"/>
</testsuite> <!-- pages.MyFirstTestNG -->
